number,value,datetime_start,datetime_complete,duration,params_colsample_bytree,params_gamma,params_learning_rate,params_max_depth,params_min_child_weight,params_n_estimators,params_reg_alpha,params_reg_lambda,params_subsample,state
0,0.5067742251403575,2026-08-14 23:52:04.622367,2026-08-14 23:52:13.116883,0 days 00:00:08.494516,0.6624074561769746,0.17425083650459838,0.07441632389160634,8,3,300,1.1752647960576206,1.5930522616241019,0.8394633936788146,COMPLETE
1,0.4972200496659334,2026-08-14 23:52:13.118053,2026-08-14 23:52:15.613675,0 days 00:00:02.495622,0.6849356442713105,0.5502135295603015,0.17898794163735265,2,3,450,0.0026892128247368906,1.1207606211860568,0.9329770563201687,COMPLETE
2,0.5000439047134139,2026-08-14 23:52:15.617686,2026-08-14 23:52:18.672737,0 days 00:00:03.055051,0.7168578594140873,1.3682099526511078,0.04777437867054351,4,6,300,0.48923586931905244,0.2508115686045233,0.6557975442608167,COMPLETE
3,0.49450442413400203,2026-08-14 23:52:18.677783,2026-08-14 23:52:24.537936,0 days 00:00:05.860153,0.6682096494749166,2.84665661176,0.005934530307791968,6,1,350,3.447275228705856,4.138040112561017,0.8430179407605753,COMPLETE
4,0.4904892238334891,2026-08-14 23:52:24.542440,2026-08-14 23:52:26.021425,0 days 00:00:01.478985,0.6488152939379115,0.10316556334565519,0.062395369491878315,2,8,250,1.8744302901656154,0.3292759134423616,0.7760609974958406,COMPLETE
5,0.4932205764838404,2026-08-14 23:52:26.024466,2026-08-14 23:52:29.510407,0 days 00:00:03.485941,0.6739417822102108,2.3253984700833437,0.03405259191324469,4,15,450,2.5982285195767814,6.161049539380966,0.8186841117373118,COMPLETE
6,0.500080342117547,2026-08-14 23:52:29.517695,2026-08-14 23:52:39.214445,0 days 00:00:09.696750,0.6180909155642152,1.166031869068446,0.006930112765148064,8,5,400,0.001883913511943895,4.544383960336017,0.6783931449676581,COMPLETE
7,0.49203133966753154,2026-08-14 23:52:39.216187,2026-08-14 23:52:40.876572,0 days 00:00:01.660385,0.9208787923016158,2.960660809801552,0.037017039861413845,3,2,250,0.425358393373768,0.24970737145052724,0.6563696899899051,COMPLETE
8,0.5078148557875918,2026-08-14 23:52:40.881596,2026-08-14 23:52:44.058321,0 days 00:00:03.176725,0.9085081386743783,1.0753971856328177,0.0678262606477337,7,2,100,0.0003503202443763074,5.323617594751501,0.8916028672163949,COMPLETE
9,0.4855725003710461,2026-08-14 23:52:44.060064,2026-08-14 23:52:47.948172,0 days 00:00:03.888108,0.7300733288106989,1.9126724140656393,0.006321123775566325,4,11,400,1.475659183168782,0.8798929749689022,0.7243929286862649,PRUNED
10,0.46825016545654685,2026-08-14 23:52:47.952685,2026-08-14 23:52:49.165045,0 days 00:00:01.212360,0.9900583234133905,1.0839359893254281,0.015556596598184447,6,14,100,0.00011891170975359302,0.14412798994325635,0.9729161367647149,PRUNED
11,0.508607434727694,2026-08-14 23:52:49.170111,2026-08-14 23:53:00.376852,0 days 00:00:11.206741,0.8151392065768135,0.1236335215468819,0.12371540031995637,8,4,600,0.029878661840182,1.525342151796964,0.8794972169146561,COMPLETE
12,0.5066838500147585,2026-08-14 23:53:00.380864,2026-08-14 23:53:06.362252,0 days 00:00:05.981388,0.839001317925464,0.7966908964680817,0.14639170912376914,7,6,600,0.016929342814490524,9.678871844018742,0.9015045323708959,COMPLETE
13,0.5050313978531905,2026-08-14 23:53:06.366030,2026-08-14 23:53:10.973831,0 days 00:00:04.607801,0.8224186197005919,1.6664757154928405,0.109329440477294,7,9,600,0.04210144768742847,2.3496826834476456,0.9028401883173586,COMPLETE
14,0.4986073766071743,2026-08-14 23:53:10.977846,2026-08-14 23:53:13.088470,0 days 00:00:02.110624,0.8341252891486154,0.4922258158023306,0.09420207947821173,6,4,100,0.0002584987845310598,0.7279069886155736,0.9984067957444853,COMPLETE
15,0.5000671614307924,2026-08-14 23:53:13.092484,2026-08-14 23:53:25.578376,0 days 00:00:12.485892,0.912415457654784,0.8343033023494097,0.022457671861152658,7,8,550,0.07292799254019112,2.5805317180023026,0.8967327309632467,COMPLETE
16,0.5133334038906009,2026-08-14 23:53:25.580380,2026-08-14 23:53:30.909154,0 days 00:00:05.328774,0.7781205548006089,0.0019514907651637659,0.1907963839497224,8,1,150,0.001059971131139127,0.5209314402340289,0.7790817164521515,COMPLETE
17,0.5052744231060866,2026-08-14 23:53:30.912675,2026-08-14 23:53:36.274383,0 days 00:00:05.361708,0.7618711241157543,0.2463147133918031,0.18320581927285873,8,1,200,0.0036637915613371972,0.5116688680482168,0.7674774744598848,COMPLETE
18,0.5118486461513446,2026-08-14 23:53:36.277903,2026-08-14 23:53:45.779995,0 days 00:00:09.502092,0.783869057855543,0.010182877308889964,0.1289625066572249,8,5,500,0.010714905297666204,0.458107722443941,0.6063865887426365,COMPLETE
19,0.5049542267094075,2026-08-14 23:53:45.782510,2026-08-14 23:53:51.685561,0 days 00:00:05.903051,0.7640881690357239,0.556565425791456,0.10165025880968996,5,12,500,0.008185990511684782,0.12209958612672088,0.6172803398163924,COMPLETE
20,0.5088691936289064,2026-08-14 23:53:51.687566,2026-08-14 23:53:55.182646,0 days 00:00:03.495080,0.7712760771035541,0.4163098182917957,0.19723447800374214,8,6,150,0.0008444283931448922,0.4943649904083224,0.6014095011450933,COMPLETE
21,0.5095492792462145,2026-08-14 23:53:55.186684,2026-08-14 23:53:58.703797,0 days 00:00:03.517113,0.7826932910986757,0.017194465068506637,0.16845479360157778,8,7,150,0.0005726689291074877,0.4393457643327391,0.6255950887776642,COMPLETE
22,0.5058492299051345,2026-08-14 23:53:58.709130,2026-08-14 23:54:02.332721,0 days 00:00:03.623591,0.7886471741983202,0.03936288495141435,0.13600933048493213,7,9,200,0.0007573993343250519,0.4408307442352511,0.7080175248548899,COMPLETE
23,0.5129013470179853,2026-08-14 23:54:02.335757,2026-08-14 23:54:05.904291,0 days 00:00:03.568534,0.8700097021112048,0.00545648572898344,0.08649704724983429,8,7,150,0.0103801365726505,0.1900549305356492,0.6285667874574572,COMPLETE
24,0.5089320855340658,2026-08-14 23:54:05.906296,2026-08-14 23:54:09.800798,0 days 00:00:03.894502,0.8699359524890529,0.36425748178702877,0.08026019684701025,7,11,200,0.10765898223650265,0.18364151996776698,0.7402375849828094,COMPLETE
25,0.5079311427538941,2026-08-14 23:54:09.804341,2026-08-14 23:54:17.160294,0 days 00:00:07.355953,0.8773785360197152,0.7643422089563348,0.058995051005510966,8,5,300,0.009364766763641449,0.10310448881833381,0.6946902727463712,COMPLETE
26,0.48051990395995026,2026-08-14 23:54:17.162298,2026-08-14 23:54:19.002317,0 days 00:00:01.840019,0.9715947600246222,0.33561485292112075,0.12148519696821722,6,4,150,0.005472155003711648,0.20987350045267186,0.6474379904261929,PRUNED
27,0.506902290310432,2026-08-14 23:54:19.004344,2026-08-14 23:54:24.961440,0 days 00:00:05.957096,0.8775301090921462,0.6483345466015263,0.08614836796207544,8,8,250,0.0019682695995523374,0.7211678972313776,0.7775862039006399,COMPLETE
28,0.5105350773918769,2026-08-14 23:54:24.965482,2026-08-14 23:54:36.985596,0 days 00:00:12.020114,0.7285316438961214,0.3081829259266046,0.047477578296171545,7,2,500,0.01367363563869791,0.33549596419835914,0.683145643719088,COMPLETE
29,0.5116396488508994,2026-08-14 23:54:36.987600,2026-08-14 23:54:45.501296,0 days 00:00:08.513696,0.8075685874741316,0.01365857626377401,0.14644116461508316,8,3,350,0.1405276865620689,0.1612335636673429,0.8111212619873504,COMPLETE
30,0.4733478017805265,2026-08-14 23:54:45.503319,2026-08-14 23:54:48.711411,0 days 00:00:03.208092,0.9415025604559947,0.2501875799841746,0.08053623739702685,7,10,300,0.027249094678241496,0.32012869667571464,0.6326606831981985,PRUNED
31,0.5061432293648226,2026-08-14 23:54:48.713038,2026-08-14 23:54:57.455313,0 days 00:00:08.742275,0.7949495184685141,0.005096907614608526,0.14126997271716635,8,3,350,0.4247090017807714,0.16279686111513147,0.8336171504477798,COMPLETE
32,0.5076281577039663,2026-08-14 23:54:57.460835,2026-08-14 23:55:05.117026,0 days 00:00:07.656191,0.8478119925995147,0.23051315868328281,0.15556714510459319,8,3,500,0.16783583455213247,0.6031623042802914,0.8031912272095859,COMPLETE
33,0.5082619792625644,2026-08-14 23:55:05.121539,2026-08-14 23:55:14.065501,0 days 00:00:08.943962,0.7003532312949872,0.007493164662142471,0.1154446843333572,8,5,450,0.0013940154500035249,1.0559108190529938,0.858186559605416,COMPLETE
34,0.5035750112565619,2026-08-14 23:55:14.069513,2026-08-14 23:55:21.041644,0 days 00:00:06.972131,0.8060357590585714,0.5767535228801903,0.09480412878695213,7,3,400,0.1460746898478049,0.2104641605625911,0.7447044543808121,COMPLETE
35,0.5150709058713037,2026-08-14 23:55:21.043724,2026-08-14 23:55:33.169086,0 days 00:00:12.125362,0.740287060725525,0.18599044276902835,0.051125563321085574,8,1,350,0.003849370485032301,0.2749161276354384,0.8023261781274106,COMPLETE
36,0.5065256389839613,2026-08-14 23:55:33.171594,2026-08-14 23:55:43.393716,0 days 00:00:10.222122,0.709053595815101,0.3909740240994478,0.024946822766969384,6,1,550,0.00475503988134379,0.28691181415509476,0.659876678797032,COMPLETE
37,0.5037466461202044,2026-08-14 23:55:43.395721,2026-08-14 23:55:47.133288,0 days 00:00:03.737567,0.741630527727162,0.17870533092815613,0.040003561672694254,8,7,150,0.003050466444980339,0.3746386557681801,0.6026795420384926,PRUNED
38,0.5085371393641865,2026-08-14 23:55:47.137302,2026-08-14 23:55:55.781650,0 days 00:00:08.644348,0.7462548739210401,0.6657079732198956,0.053780151192068436,8,1,300,0.0012606779496430116,0.2253369964384824,0.7909517337773816,COMPLETE
39,0.49402865051871836,2026-08-14 23:55:55.785683,2026-08-14 23:56:00.713454,0 days 00:00:04.927771,0.6388303087511908,0.9535537226450921,0.009992382063331988,7,2,200,0.009319748188084504,1.2926900080090094,0.7593107695891348,PRUNED
40,0.5085192606886886,2026-08-14 23:56:00.733414,2026-08-14 23:56:09.013498,0 days 00:00:08.280084,0.6913734008798749,0.18826222064930628,0.029806830075996146,8,7,450,0.01494997643360426,0.5979463724216342,0.7130467022302425,COMPLETE
41,0.48270576807886134,2026-08-14 23:56:09.017509,2026-08-14 23:56:13.117300,0 days 00:00:04.099791,0.8535314797537941,0.13771245330521517,0.172658370039302,8,4,350,0.04543031615497337,0.1419540104442808,0.8553183942719719,PRUNED
42,0.5047884753871744,2026-08-14 23:56:13.119305,2026-08-14 23:56:19.791549,0 days 00:00:06.672244,0.8037188997227054,0.44993927130813954,0.06620034938448645,7,2,250,0.23317680641064278,0.2665217795845026,0.8002674634176887,PRUNED
43,0.5132327222742136,2026-08-14 23:56:19.797121,2026-08-14 23:56:30.384383,0 days 00:00:10.587262,0.7578869068699705,0.13525161676082176,0.05109434399040716,8,3,400,0.0003934744759424407,0.381471680293573,0.8177802957037794,COMPLETE
44,0.49473717541545037,2026-08-14 23:56:30.386386,2026-08-14 23:56:32.630684,0 days 00:00:02.244298,0.7425005056487604,2.580716638349989,0.047504666526288035,2,1,400,0.0001765301324206432,0.8048526415831623,0.8286007158175006,PRUNED
45,0.5010278118065499,2026-08-14 23:56:32.631690,2026-08-14 23:56:42.383656,0 days 00:00:09.751966,0.673845554227551,0.14491527944458182,0.0523888769452745,8,5,450,0.00039496775405956807,0.38282753007197656,0.8615907507624149,PRUNED
46,0.506450832847048,2026-08-14 23:56:42.387667,2026-08-14 23:56:57.089650,0 days 00:00:14.701983,0.7198188909249114,0.3152160617236744,0.03897170286579551,8,2,550,0.002239937436457214,0.28009866863815513,0.7842971086915197,COMPLETE
47,0.5056509018054453,2026-08-14 23:56:57.092704,2026-08-14 23:56:59.526775,0 days 00:00:02.434071,0.7576681894731521,0.47989562601109903,0.06779093147512391,7,6,100,0.00010447298941612543,0.5994237695961951,0.6643126339035974,PRUNED
48,0.5139557023875462,2026-08-14 23:56:59.531293,2026-08-14 23:57:10.987314,0 days 00:00:11.456021,0.7827022843502703,0.16927015599827833,0.030740637732432352,8,3,400,0.0011739517169756886,1.0006887549026777,0.7490668935485978,COMPLETE
49,0.5070262402375759,2026-08-14 23:57:10.991566,2026-08-14 23:57:22.133570,0 days 00:00:11.142004,0.8208820206786352,1.2853892835102667,0.015218602062660075,7,1,400,0.001202105979908362,2.014239558214723,0.9385448512112797,COMPLETE
50,0.4933785816932043,2026-08-14 23:57:22.137580,2026-08-14 23:57:25.117169,0 days 00:00:02.979589,0.8927143072560111,2.102664884571735,0.03140398377572183,3,3,400,0.00048196233907432765,0.9141538636803913,0.7420803047793175,PRUNED
51,0.5084507206634038,2026-08-14 23:57:25.121690,2026-08-14 23:57:39.014757,0 days 00:00:13.893067,0.7780664335058911,0.12321436540532586,0.024557811273923327,8,4,500,0.0002748766434565389,1.187259239319563,0.8222461093437871,COMPLETE
52,0.5116532933300594,2026-08-14 23:57:39.016761,2026-08-14 23:57:48.960137,0 days 00:00:09.943376,0.759329987842771,0.25330432987152446,0.04199587798525139,8,2,300,0.0043473113081007025,0.41245642608582744,0.7628404430798986,COMPLETE
53,0.5099226511265752,2026-08-14 23:57:48.962645,2026-08-14 23:58:02.019959,0 days 00:00:13.057314,0.8305642875796594,0.14529470504225012,0.019217530317723355,8,5,450,0.0008534090984371809,0.5064473325699534,0.8429622962009876,COMPLETE
54,0.49431801864683117,2026-08-14 23:58:02.022473,2026-08-14 23:58:09.948153,0 days 00:00:07.925680,0.7823694366421242,0.5356488391630567,0.07224725728900487,8,6,350,0.006026394792664361,0.242829181823968,0.6398655756024029,PRUNED
55,0.49862446570101926,2026-08-14 23:58:09.952665,2026-08-14 23:58:12.704689,0 days 00:00:02.752024,0.7314283501031462,0.3653876730495073,0.03435365179393054,7,3,100,0.0032657790197943904,3.3976713152044407,0.6181847096923062,PRUNED
56,0.5144391730692287,2026-08-14 23:58:12.708224,2026-08-14 23:58:21.798869,0 days 00:00:09.090645,0.7702351799924895,0.11956752535381507,0.05886712737077643,8,1,250,0.0016371043098597716,0.33573420839168244,0.7938093887769769,COMPLETE
57,0.5027947833950557,2026-08-14 23:58:21.802383,2026-08-14 23:58:29.549710,0 days 00:00:07.747327,0.6584803101942831,0.677018868118722,0.053251060134032815,8,1,250,0.0001959644529333491,0.3103140547881144,0.7914771391016852,PRUNED
58,0.4791678293392835,2026-08-14 23:58:29.552727,2026-08-14 23:58:31.642408,0 days 00:00:02.089681,0.9408235142561364,0.0925730052201227,0.029442387794914687,7,13,150,0.0006591587897037704,1.4093298363041804,0.8810783213089425,PRUNED
59,0.5134824991715939,2026-08-14 23:58:31.644151,2026-08-14 23:58:38.434547,0 days 00:00:06.790396,0.7190206141548048,0.42595668420916194,0.06239360621609612,8,1,200,0.0015607152924911113,0.19154518160569176,0.7220998111424864,COMPLETE
